Using pre-set license
Built from '2020.2/release' branch; Version is '2020.2.1f1 (270dd8c3da1c) revision 2559448'; Using compiler version '192528614'; Build Type 'Release'
OS: 'Windows 10  (10.0.0) 64bit' Language: 'en' Physical Memory: 16315 MB
BatchMode: 1, IsHumanControllingUs: 0, StartBugReporterOnCrash: 0, Is64bit: 1, IsPro: 0

 COMMAND LINE ARGUMENTS:
C:\Program Files\Unity\Hub\Editor\2020.2.1f1\Editor\Unity.exe
-adb2
-batchMode
-noUpm
-name
AssetImportWorker0
-projectPath
C:/Users/David/Documents/GitHub/Smart-City-Dashboard/Smart City Dashboard
-logFile
Logs/AssetImportWorker0.log
-srvPort
49484
Successfully changed project path to: C:/Users/David/Documents/GitHub/Smart-City-Dashboard/Smart City Dashboard
C:/Users/David/Documents/GitHub/Smart-City-Dashboard/Smart City Dashboard
Using Asset Import Pipeline V2.
Refreshing native plugins compatible for Editor in 25.80 ms, found 0 plugins.
Preloading 0 native plugins for Editor in 0.00 ms.
Initialize engine version: 2020.2.1f1 (270dd8c3da1c)
[Subsystems] Discovering subsystems at path C:/Program Files/Unity/Hub/Editor/2020.2.1f1/Editor/Data/Resources/UnitySubsystems
[Subsystems] Discovering subsystems at path C:/Users/David/Documents/GitHub/Smart-City-Dashboard/Smart City Dashboard/Assets
GfxDevice: creating device client; threaded=0
Direct3D:
    Version:  Direct3D 11.0 [level 11.1]
    Renderer: NVIDIA GeForce RTX 2070 SUPER (ID=0x1e84)
    Vendor:   
    VRAM:     8011 MB
    Driver:   27.21.14.5671
Initialize mono
Mono path[0] = 'C:/Program Files/Unity/Hub/Editor/2020.2.1f1/Editor/Data/Managed'
Mono path[1] = 'C:/Program Files/Unity/Hub/Editor/2020.2.1f1/Editor/Data/MonoBleedingEdge/lib/mono/unityjit'
Mono config path = 'C:/Program Files/Unity/Hub/Editor/2020.2.1f1/Editor/Data/MonoBleedingEdge/etc'
Using monoOptions --debugger-agent=transport=dt_socket,embedding=1,server=y,suspend=n,address=127.0.0.1:56592
Begin MonoManager ReloadAssembly
Registering precompiled unity dll's ...
Register platform support module: C:/Program Files/Unity/Hub/Editor/2020.2.1f1/Editor/Data/PlaybackEngines/WindowsStandaloneSupport/UnityEditor.WindowsStandalone.Extensions.dll
Registered in 0.001674 seconds.
Native extension for WindowsStandalone target not found
Refreshing native plugins compatible for Editor in 24.42 ms, found 0 plugins.
Preloading 0 native plugins for Editor in 0.00 ms.
Invoked RoslynAnalysisRunner static constructor.
RoslynAnalysisRunner will not be running.
RoslynAnalysisRunner has terminated.
Mono: successfully reloaded assembly
- Completed reload, in  1.031 seconds
Platform modules already initialized, skipping
Registering precompiled user dll's ...
Registered in 0.000676 seconds.
Begin MonoManager ReloadAssembly
Native extension for WindowsStandalone target not found
Refreshing native plugins compatible for Editor in 25.97 ms, found 0 plugins.
Preloading 0 native plugins for Editor in 0.00 ms.
Invoked RoslynAnalysisRunner static constructor.
RoslynAnalysisRunner will not be running.
RoslynAnalysisRunner has terminated.
Mono: successfully reloaded assembly
- Completed reload, in  0.841 seconds
Platform modules already initialized, skipping
========================================================================
Worker process is ready to serve import requests
Launched and connected shader compiler UnityShaderCompiler.exe after 0.07 seconds
Refreshing native plugins compatible for Editor in 0.29 ms, found 0 plugins.
Preloading 0 native plugins for Editor in 0.00 ms.
Unloading 1418 Unused Serialized files (Serialized files now loaded: 0)
System memory in use before: 67.6 MB.
System memory in use after: 67.6 MB.

Unloading 12 unused Assets to reduce memory usage. Loaded Objects now: 1861.
Total: 1.919200 ms (FindLiveObjects: 0.155100 ms CreateObjectMapping: 0.063200 ms MarkObjects: 1.634000 ms  DeleteObjects: 0.065800 ms)

========================================================================
Received Import Request.
  path: Assets/Scripts/Managers/GridManager.cs
  artifactKey: Guid(7875689ab5869024282d35649c5f2222) Importer(815301076,1909f56bfc062723c751e8b465ee728b)
Start importing Assets/Scripts/Managers/GridManager.cs using Guid(7875689ab5869024282d35649c5f2222) Importer(815301076,1909f56bfc062723c751e8b465ee728b)  -> (artifact id: '7775b394d56ae4f73285688ac98dad1a') in 0.028484 seconds
  Import took 0.030884 seconds .

========================================================================
Received Import Request.
  Time since last request: 10.180506 seconds.
  path: Assets/Scripts/Managers/GridManager.cs
  artifactKey: Guid(7875689ab5869024282d35649c5f2222) Importer(815301076,1909f56bfc062723c751e8b465ee728b)
Start importing Assets/Scripts/Managers/GridManager.cs using Guid(7875689ab5869024282d35649c5f2222) Importer(815301076,1909f56bfc062723c751e8b465ee728b)  -> (artifact id: 'cb67f5cebd160ee05b62b92223efa612') in 0.003229 seconds
  Import took 0.005536 seconds .

========================================================================
Received Import Request.
  Time since last request: 19.424941 seconds.
  path: Assets/Scripts/Pathfinding/NavPoint.prefab
  artifactKey: Guid(dfbb7c6655777334b8ca3001a81c17e3) Importer(815301076,1909f56bfc062723c751e8b465ee728b)
Start importing Assets/Scripts/Pathfinding/NavPoint.prefab using Guid(dfbb7c6655777334b8ca3001a81c17e3) Importer(815301076,1909f56bfc062723c751e8b465ee728b)  -> (artifact id: 'dd673d915a4bf805e63b54a3d52abf79') in 0.021544 seconds
  Import took 0.028596 seconds .

AssetImportWorkerClient::OnTransportError - code=2 error=End of file
