Using pre-set license
Built from '2020.2/release' branch; Version is '2020.2.1f1 (270dd8c3da1c) revision 2559448'; Using compiler version '192528614'; Build Type 'Release'
OS: 'Windows 10  (10.0.0) 64bit' Language: 'en' Physical Memory: 16296 MB
BatchMode: 1, IsHumanControllingUs: 0, StartBugReporterOnCrash: 0, Is64bit: 1, IsPro: 0

 COMMAND LINE ARGUMENTS:
C:\Program Files\Unity\Hub\Editor\2020.2.1f1\Editor\Unity.exe
-adb2
-batchMode
-noUpm
-name
AssetImportWorker0
-projectPath
C:/Users/kenne/Desktop/Senior Project - Unity/Smart-City-Dashboard/Smart City Dashboard
-logFile
Logs/AssetImportWorker0.log
-srvPort
61387
Successfully changed project path to: C:/Users/kenne/Desktop/Senior Project - Unity/Smart-City-Dashboard/Smart City Dashboard
C:/Users/kenne/Desktop/Senior Project - Unity/Smart-City-Dashboard/Smart City Dashboard
Using Asset Import Pipeline V2.
Refreshing native plugins compatible for Editor in 29.83 ms, found 0 plugins.
Preloading 0 native plugins for Editor in 0.00 ms.
Initialize engine version: 2020.2.1f1 (270dd8c3da1c)
[Subsystems] Discovering subsystems at path C:/Program Files/Unity/Hub/Editor/2020.2.1f1/Editor/Data/Resources/UnitySubsystems
[Subsystems] Discovering subsystems at path C:/Users/kenne/Desktop/Senior Project - Unity/Smart-City-Dashboard/Smart City Dashboard/Assets
GfxDevice: creating device client; threaded=0
Direct3D:
    Version:  Direct3D 11.0 [level 11.1]
    Renderer: NVIDIA GeForce GTX 1080 (ID=0x1b80)
    Vendor:   
    VRAM:     8079 MB
    Driver:   27.21.14.5148
Initialize mono
Mono path[0] = 'C:/Program Files/Unity/Hub/Editor/2020.2.1f1/Editor/Data/Managed'
Mono path[1] = 'C:/Program Files/Unity/Hub/Editor/2020.2.1f1/Editor/Data/MonoBleedingEdge/lib/mono/unityjit'
Mono config path = 'C:/Program Files/Unity/Hub/Editor/2020.2.1f1/Editor/Data/MonoBleedingEdge/etc'
Using monoOptions --debugger-agent=transport=dt_socket,embedding=1,server=y,suspend=n,address=127.0.0.1:56888
Begin MonoManager ReloadAssembly
Registering precompiled unity dll's ...
Register platform support module: C:/Program Files/Unity/Hub/Editor/2020.2.1f1/Editor/Data/PlaybackEngines/WindowsStandaloneSupport/UnityEditor.WindowsStandalone.Extensions.dll
Registered in 0.003993 seconds.
Native extension for WindowsStandalone target not found
Refreshing native plugins compatible for Editor in 29.02 ms, found 0 plugins.
Preloading 0 native plugins for Editor in 0.00 ms.
Invoked RoslynAnalysisRunner static constructor.
RoslynAnalysisRunner will not be running.
RoslynAnalysisRunner has terminated.
Mono: successfully reloaded assembly
- Completed reload, in  1.234 seconds
Platform modules already initialized, skipping
Registering precompiled user dll's ...
Registered in 0.001641 seconds.
Begin MonoManager ReloadAssembly
Native extension for WindowsStandalone target not found
Refreshing native plugins compatible for Editor in 31.21 ms, found 0 plugins.
Preloading 0 native plugins for Editor in 0.00 ms.
Invoked RoslynAnalysisRunner static constructor.
RoslynAnalysisRunner will not be running.
RoslynAnalysisRunner has terminated.
Mono: successfully reloaded assembly
- Completed reload, in  1.025 seconds
Platform modules already initialized, skipping
========================================================================
Worker process is ready to serve import requests
Launched and connected shader compiler UnityShaderCompiler.exe after 0.05 seconds
Refreshing native plugins compatible for Editor in 0.30 ms, found 0 plugins.
Preloading 0 native plugins for Editor in 0.00 ms.
Unloading 1436 Unused Serialized files (Serialized files now loaded: 0)
System memory in use before: 70.3 MB.
System memory in use after: 70.3 MB.

Unloading 11 unused Assets to reduce memory usage. Loaded Objects now: 1882.
Total: 1.825800 ms (FindLiveObjects: 0.150800 ms CreateObjectMapping: 0.059300 ms MarkObjects: 1.563700 ms  DeleteObjects: 0.051200 ms)

========================================================================
Received Import Request.
  path: Assets/Scripts/Grid
  artifactKey: Guid(b220c0109677a374e9d26fc138fe35fd) Importer(815301076,1909f56bfc062723c751e8b465ee728b)
Start importing Assets/Scripts/Grid using Guid(b220c0109677a374e9d26fc138fe35fd) Importer(815301076,1909f56bfc062723c751e8b465ee728b)  -> (artifact id: 'a0ccdd3974c2529cc5c9000958e4ab7c') in 0.007962 seconds
  Import took 0.010334 seconds .

========================================================================
Received Import Request.
  Time since last request: 0.160663 seconds.
  path: Assets/Scripts/Managers/GridManager.cs
  artifactKey: Guid(7875689ab5869024282d35649c5f2222) Importer(815301076,1909f56bfc062723c751e8b465ee728b)
Start importing Assets/Scripts/Managers/GridManager.cs using Guid(7875689ab5869024282d35649c5f2222) Importer(815301076,1909f56bfc062723c751e8b465ee728b)  -> (artifact id: '0cf470bf6db1a857e51f28c822136cb4') in 0.026321 seconds
  Import took 0.028902 seconds .

========================================================================
Received Import Request.
  Time since last request: 0.005833 seconds.
  path: Assets/Scripts/Managers/GridManager.cs
  artifactKey: Guid(7875689ab5869024282d35649c5f2222) Importer(815301076,1909f56bfc062723c751e8b465ee728b)
Start importing Assets/Scripts/Managers/GridManager.cs using Guid(7875689ab5869024282d35649c5f2222) Importer(815301076,1909f56bfc062723c751e8b465ee728b)  -> (artifact id: '0cf470bf6db1a857e51f28c822136cb4') in 0.004211 seconds
  Import took 0.006644 seconds .

========================================================================
Received Import Request.
  Time since last request: 892.104462 seconds.
  path: Assets/Scripts/Managers/SensorManager.cs
  artifactKey: Guid(37a978564934dc548bed2c47cc5f1842) Importer(815301076,1909f56bfc062723c751e8b465ee728b)
Start importing Assets/Scripts/Managers/SensorManager.cs using Guid(37a978564934dc548bed2c47cc5f1842) Importer(815301076,1909f56bfc062723c751e8b465ee728b)  -> (artifact id: 'e349ecc42a216e22974eeb7b73c7064a') in 0.006413 seconds
  Import took 0.010036 seconds .

========================================================================
Received Import Request.
  Time since last request: 25.114106 seconds.
  path: Assets/Scripts/Managers/GameManager.cs
  artifactKey: Guid(b031780d0ed18b445a886d02953d6d76) Importer(815301076,1909f56bfc062723c751e8b465ee728b)
Start importing Assets/Scripts/Managers/GameManager.cs using Guid(b031780d0ed18b445a886d02953d6d76) Importer(815301076,1909f56bfc062723c751e8b465ee728b)  -> (artifact id: 'a09a55b83adac35385d185beef88f2c5') in 0.006690 seconds
  Import took 0.009524 seconds .

========================================================================
Received Import Request.
  Time since last request: 4.806467 seconds.
  path: Assets/Scripts/Inputs/GameActions.inputactions
  artifactKey: Guid(e9267b435c9ec1542a9ca0b70c2bac72) Importer(815301076,1909f56bfc062723c751e8b465ee728b)
Start importing Assets/Scripts/Inputs/GameActions.inputactions using Guid(e9267b435c9ec1542a9ca0b70c2bac72) Importer(815301076,1909f56bfc062723c751e8b465ee728b)  -> (artifact id: '27a0625d6931ad026b0684a906c958e6') in 0.046803 seconds
  Import took 0.050152 seconds .

========================================================================
Received Import Request.
  Time since last request: 0.507981 seconds.
  path: Assets/Scripts/Inputs/InputManager.cs
  artifactKey: Guid(0d77b72f66d3cbb4592885bdec0906a9) Importer(815301076,1909f56bfc062723c751e8b465ee728b)
Start importing Assets/Scripts/Inputs/InputManager.cs using Guid(0d77b72f66d3cbb4592885bdec0906a9) Importer(815301076,1909f56bfc062723c751e8b465ee728b)  -> (artifact id: '95862a6fed1d53c53b8a2c0be7278b3d') in 0.006163 seconds
  Import took 0.009838 seconds .

========================================================================
Received Prepare
Registering precompiled user dll's ...
Registered in 0.002109 seconds.
Begin MonoManager ReloadAssembly
Native extension for WindowsStandalone target not found
Refreshing native plugins compatible for Editor in 0.40 ms, found 0 plugins.
Preloading 0 native plugins for Editor in 0.00 ms.
Invoked RoslynAnalysisRunner static constructor.
RoslynAnalysisRunner will not be running.
RoslynAnalysisRunner has terminated.
Mono: successfully reloaded assembly
- Completed reload, in  1.197 seconds
Platform modules already initialized, skipping
Refreshing native plugins compatible for Editor in 0.32 ms, found 0 plugins.
Preloading 0 native plugins for Editor in 0.00 ms.
Unloading 1417 Unused Serialized files (Serialized files now loaded: 0)
System memory in use before: 69.6 MB.
System memory in use after: 69.7 MB.

Unloading 4 unused Assets to reduce memory usage. Loaded Objects now: 1884.
Total: 2.191400 ms (FindLiveObjects: 0.186600 ms CreateObjectMapping: 0.058700 ms MarkObjects: 1.924800 ms  DeleteObjects: 0.020100 ms)

========================================================================
Received Prepare
Registering precompiled user dll's ...
Registered in 0.001616 seconds.
Begin MonoManager ReloadAssembly
Native extension for WindowsStandalone target not found
Refreshing native plugins compatible for Editor in 0.32 ms, found 0 plugins.
Preloading 0 native plugins for Editor in 0.00 ms.
Invoked RoslynAnalysisRunner static constructor.
RoslynAnalysisRunner will not be running.
RoslynAnalysisRunner has terminated.
Mono: successfully reloaded assembly
- Completed reload, in  1.070 seconds
Platform modules already initialized, skipping
Refreshing native plugins compatible for Editor in 0.32 ms, found 0 plugins.
Preloading 0 native plugins for Editor in 0.00 ms.
Unloading 1417 Unused Serialized files (Serialized files now loaded: 0)
System memory in use before: 70.0 MB.
System memory in use after: 70.1 MB.

Unloading 4 unused Assets to reduce memory usage. Loaded Objects now: 1886.
Total: 2.389300 ms (FindLiveObjects: 0.242800 ms CreateObjectMapping: 0.060400 ms MarkObjects: 2.051700 ms  DeleteObjects: 0.032800 ms)

========================================================================
Received Import Request.
  Time since last request: 390.957535 seconds.
  path: Assets/Scripts/Managers/UIManager.cs
  artifactKey: Guid(b0d0e685986a69e4db07995fd1d1637e) Importer(815301076,1909f56bfc062723c751e8b465ee728b)
Start importing Assets/Scripts/Managers/UIManager.cs using Guid(b0d0e685986a69e4db07995fd1d1637e) Importer(815301076,1909f56bfc062723c751e8b465ee728b)  -> (artifact id: '70692596a793a2bb8a87d25d147c683c') in 0.008970 seconds
  Import took 0.011820 seconds .

========================================================================
Received Import Request.
  Time since last request: 58.118708 seconds.
  path: Assets/Scripts/UI/DashboardMenu.cs
  artifactKey: Guid(299274495cb6dcc419099474fc3633ef) Importer(815301076,1909f56bfc062723c751e8b465ee728b)
Start importing Assets/Scripts/UI/DashboardMenu.cs using Guid(299274495cb6dcc419099474fc3633ef) Importer(815301076,1909f56bfc062723c751e8b465ee728b)  -> (artifact id: 'cda588b3c9ccc2dac79996079d802903') in 0.006526 seconds
  Import took 0.009903 seconds .

========================================================================
Received Import Request.
  Time since last request: 0.002492 seconds.
  path: Assets/Scripts/UI/DashboardMenu.cs
  artifactKey: Guid(299274495cb6dcc419099474fc3633ef) Importer(815301076,1909f56bfc062723c751e8b465ee728b)
Start importing Assets/Scripts/UI/DashboardMenu.cs using Guid(299274495cb6dcc419099474fc3633ef) Importer(815301076,1909f56bfc062723c751e8b465ee728b)  -> (artifact id: 'cda588b3c9ccc2dac79996079d802903') in 0.005003 seconds
  Import took 0.008404 seconds .

========================================================================
Received Prepare
Registering precompiled user dll's ...
Registered in 0.002106 seconds.
Begin MonoManager ReloadAssembly
Native extension for WindowsStandalone target not found
Refreshing native plugins compatible for Editor in 0.34 ms, found 0 plugins.
Preloading 0 native plugins for Editor in 0.00 ms.
Invoked RoslynAnalysisRunner static constructor.
RoslynAnalysisRunner will not be running.
RoslynAnalysisRunner has terminated.
Mono: successfully reloaded assembly
- Completed reload, in  1.134 seconds
Platform modules already initialized, skipping
Refreshing native plugins compatible for Editor in 0.40 ms, found 0 plugins.
Preloading 0 native plugins for Editor in 0.00 ms.
Unloading 1417 Unused Serialized files (Serialized files now loaded: 0)
System memory in use before: 70.4 MB.
System memory in use after: 70.5 MB.

Unloading 4 unused Assets to reduce memory usage. Loaded Objects now: 1888.
Total: 2.017600 ms (FindLiveObjects: 0.172700 ms CreateObjectMapping: 0.059300 ms MarkObjects: 1.760300 ms  DeleteObjects: 0.022000 ms)

========================================================================
Received Import Request.
  Time since last request: 437.278347 seconds.
  path: Assets/Scripts/UI/Tab.cs
  artifactKey: Guid(5dd67df531539c04b88f49c86fa7f7dc) Importer(815301076,1909f56bfc062723c751e8b465ee728b)
Start importing Assets/Scripts/UI/Tab.cs using Guid(5dd67df531539c04b88f49c86fa7f7dc) Importer(815301076,1909f56bfc062723c751e8b465ee728b)  -> (artifact id: '2eb828549b95c838aacc99e09bb70cfc') in 0.008966 seconds
  Import took 0.012078 seconds .

========================================================================
Received Prepare
Registering precompiled user dll's ...
Registered in 0.001683 seconds.
Begin MonoManager ReloadAssembly
Native extension for WindowsStandalone target not found
Refreshing native plugins compatible for Editor in 0.75 ms, found 0 plugins.
Preloading 0 native plugins for Editor in 0.00 ms.
Invoked RoslynAnalysisRunner static constructor.
RoslynAnalysisRunner will not be running.
RoslynAnalysisRunner has terminated.
Mono: successfully reloaded assembly
- Completed reload, in  1.080 seconds
Platform modules already initialized, skipping
Refreshing native plugins compatible for Editor in 0.35 ms, found 0 plugins.
Preloading 0 native plugins for Editor in 0.00 ms.
Unloading 1417 Unused Serialized files (Serialized files now loaded: 0)
System memory in use before: 70.7 MB.
System memory in use after: 70.8 MB.

Unloading 4 unused Assets to reduce memory usage. Loaded Objects now: 1890.
Total: 2.232400 ms (FindLiveObjects: 0.284400 ms CreateObjectMapping: 0.063900 ms MarkObjects: 1.863400 ms  DeleteObjects: 0.019200 ms)

========================================================================
Received Import Request.
  Time since last request: 53.454706 seconds.
  path: Assets/Scripts/UI/Tab.cs
  artifactKey: Guid(5dd67df531539c04b88f49c86fa7f7dc) Importer(815301076,1909f56bfc062723c751e8b465ee728b)
Start importing Assets/Scripts/UI/Tab.cs using Guid(5dd67df531539c04b88f49c86fa7f7dc) Importer(815301076,1909f56bfc062723c751e8b465ee728b)  -> (artifact id: '8bdea5d7258d8090dddab0e06449672e') in 0.008921 seconds
  Import took 0.012274 seconds .

========================================================================
Received Prepare
Registering precompiled user dll's ...
Registered in 0.002206 seconds.
Begin MonoManager ReloadAssembly
Native extension for WindowsStandalone target not found
Refreshing native plugins compatible for Editor in 0.33 ms, found 0 plugins.
Preloading 0 native plugins for Editor in 0.00 ms.
Invoked RoslynAnalysisRunner static constructor.
RoslynAnalysisRunner will not be running.
RoslynAnalysisRunner has terminated.
Mono: successfully reloaded assembly
- Completed reload, in  1.150 seconds
Platform modules already initialized, skipping
Refreshing native plugins compatible for Editor in 0.58 ms, found 0 plugins.
Preloading 0 native plugins for Editor in 0.00 ms.
Unloading 1417 Unused Serialized files (Serialized files now loaded: 0)
System memory in use before: 71.0 MB.
System memory in use after: 71.1 MB.

Unloading 4 unused Assets to reduce memory usage. Loaded Objects now: 1892.
Total: 2.581600 ms (FindLiveObjects: 0.229500 ms CreateObjectMapping: 0.065400 ms MarkObjects: 2.267300 ms  DeleteObjects: 0.018200 ms)

========================================================================
Received Prepare
Registering precompiled user dll's ...
Registered in 0.001672 seconds.
Begin MonoManager ReloadAssembly
Native extension for WindowsStandalone target not found
Refreshing native plugins compatible for Editor in 0.32 ms, found 0 plugins.
Preloading 0 native plugins for Editor in 0.00 ms.
Invoked RoslynAnalysisRunner static constructor.
RoslynAnalysisRunner will not be running.
RoslynAnalysisRunner has terminated.
Mono: successfully reloaded assembly
- Completed reload, in  1.057 seconds
Platform modules already initialized, skipping
Refreshing native plugins compatible for Editor in 0.41 ms, found 0 plugins.
Preloading 0 native plugins for Editor in 0.00 ms.
Unloading 1417 Unused Serialized files (Serialized files now loaded: 0)
System memory in use before: 70.5 MB.
System memory in use after: 70.6 MB.

Unloading 4 unused Assets to reduce memory usage. Loaded Objects now: 1894.
Total: 2.516900 ms (FindLiveObjects: 0.261600 ms CreateObjectMapping: 0.068200 ms MarkObjects: 2.170100 ms  DeleteObjects: 0.015800 ms)

